<?xml version="1.0" encoding="UTF-8"?>
<!-- Generated by org.testng.reporters.JUnitXMLReporter -->
<testsuite ignored="0" hostname="Hi-PC" failures="0" tests="4" name="Test" time="0.077" errors="0" timestamp="06 Aug 2018 19:48:13 GMT">
  <testcase classname="Demotestingotesting.Demo3Test" name="Demo3testing1" time="0.014"/>
  <testcase classname="Demotestingotesting.Demo3Test" name="Demo3testing2" time="0.001"/>
  <testcase classname="Demotestingotesting.Demo2Test" name="Demo2testing1" time="0.001"/>
  <testcase classname="Demotestingotesting.Demo2Test" name="Demo2testing2" time="0.001"/>
</testsuite> <!-- Test -->
