<?xml version="1.0" encoding="UTF-8"?>
<testng-results ignored="0" total="2" passed="2" failed="0" skipped="0">
  <reporter-output>
  </reporter-output>
  <suite started-at="2018-08-03T20:40:11Z" name="Default suite" finished-at="2018-08-03T20:40:11Z" duration-ms="87">
    <groups>
    </groups>
    <test started-at="2018-08-03T20:40:11Z" name="Default test" finished-at="2018-08-03T20:40:11Z" duration-ms="87">
      <class name="Demotestingotesting.DemoTest3">
        <test-method signature="Demo3testing1()[pri:0, instance:Demotestingotesting.DemoTest3@1757cd72]" started-at="2018-08-03T20:40:11Z" name="Demo3testing1" finished-at="2018-08-03T20:40:11Z" duration-ms="16" status="PASS">
          <reporter-output>
          </reporter-output>
        </test-method> <!-- Demo3testing1 -->
        <test-method signature="Demo3testing2()[pri:0, instance:Demotestingotesting.DemoTest3@1757cd72]" started-at="2018-08-03T20:40:11Z" name="Demo3testing2" finished-at="2018-08-03T20:40:11Z" duration-ms="3" status="PASS">
          <reporter-output>
          </reporter-output>
        </test-method> <!-- Demo3testing2 -->
      </class> <!-- Demotestingotesting.DemoTest3 -->
    </test> <!-- Default test -->
  </suite> <!-- Default suite -->
</testng-results>
